  ui.cpp
  texture.cpp
  polygon.cpp
  particle.cpp
  main.cpp
  light.cpp
  effect.cpp
  debugproc.cpp
  camera.cpp
  implot_items.cpp
  implot_demo.cpp
  implot.cpp
  imgui_widgets.cpp
  imgui_tables.cpp
  imgui_impl_win32.cpp
  imgui_impl_dx9.cpp
  imgui_draw.cpp
  imgui_demo.cpp
  imgui.cpp
  コードを生成中...
  ParticleEditter_00.vcxproj -> C:\Users\student\Desktop\ImGui\試作倉庫\ParticleEditter_00\Debug\ParticleEditter_00.exe
  ParticleEditter_00.vcxproj -> C:\Users\student\Desktop\ImGui\試作倉庫\ParticleEditter_00\Debug\ParticleEditter_00.pdb (Full PDB)
